{"name": "/usr/local/Cellar/zeek/3.1.3_1/share/zeek/base/init-bare.zeek", "label": "malicious"}
{"name": "  /usr/local/Cellar/zeek/3.1.3_1/share/zeek/base/bif/const.bif.zeek", "label": "benign"}
{"name": "  /usr/local/Cellar/zeek/3.1.3_1/share/zeek/base/bif/types.bif.zeek", "label": "malicious"}
{"name": "  /usr/local/Cellar/zeek/3.1.3_1/share/zeek/base/bif/zeek.bif.zeek", "label": "benign"}
{"name": "  /usr/local/Cellar/zeek/3.1.3_1/share/zeek/base/bif/stats.bif.zeek", "label": "malicious"}
{"name": "  /usr/local/Cellar/zeek/3.1.3_1/share/zeek/base/bif/reporter.bif.zeek", "label": "benign"}
{"name": "  /usr/local/Cellar/zeek/3.1.3_1/share/zeek/base/bif/strings.bif.zeek", "label": "malicious"}
{"name": "  /usr/local/Cellar/zeek/3.1.3_1/share/zeek/base/bif/option.bif.zeek", "label": "benign"}
{"name": "  /usr/local/Cellar/zeek/3.1.3_1/share/zeek/base/frameworks/supervisor/api.zeek", "label": "malicious"}
{"name": "  /usr/local/Cellar/zeek/3.1.3_1/share/zeek/base/bif/supervisor.bif.zeek", "label": "benign"}
{"name": "  /usr/local/Cellar/zeek/3.1.3_1/share/zeek/base/bif/plugins/Zeek_SNMP.types.bif.zeek", "label": "malicious"}
{"name": "  /usr/local/Cellar/zeek/3.1.3_1/share/zeek/base/bif/plugins/Zeek_KRB.types.bif.zeek", "label": "benign"}
{"name": "  /usr/local/Cellar/zeek/3.1.3_1/share/zeek/base/bif/event.bif.zeek", "label": "malicious"}
{"name": "/usr/local/Cellar/zeek/3.1.3_1/share/zeek/base/init-frameworks-and-bifs.zeek", "label": "benign"}
{"name": "  /usr/local/Cellar/zeek/3.1.3_1/share/zeek/base/frameworks/logging/__load__.zeek", "label": "malicious"}
{"name": "    /usr/local/Cellar/zeek/3.1.3_1/share/zeek/base/frameworks/logging/main.zeek", "label": "benign"}
{"name": "      /usr/local/Cellar/zeek/3.1.3_1/share/zeek/base/bif/logging.bif.zeek", "label": "malicious"}
{"name": "    /usr/local/Cellar/zeek/3.1.3_1/share/zeek/base/frameworks/logging/postprocessors/__load__.zeek", "label": "benign"}
{"name": "      /usr/local/Cellar/zeek/3.1.3_1/share/zeek/base/frameworks/logging/postprocessors/scp.zeek", "label": "malicious"}
{"name": "      /usr/local/Cellar/zeek/3.1.3_1/share/zeek/base/frameworks/logging/postprocessors/sftp.zeek", "label": "benign"}
{"name": "    /usr/local/Cellar/zeek/3.1.3_1/share/zeek/base/frameworks/logging/writers/ascii.zeek", "label": "malicious"}
{"name": "    /usr/local/Cellar/zeek/3.1.3_1/share/zeek/base/frameworks/logging/writers/sqlite.zeek", "label": "benign"}
{"name": "    /usr/local/Cellar/zeek/3.1.3_1/share/zeek/base/frameworks/logging/writers/none.zeek", "label": "malicious"}
{"name": "  /usr/local/Cellar/zeek/3.1.3_1/share/zeek/base/frameworks/broker/__load__.zeek", "label": "benign"}
{"name": "    /usr/local/Cellar/zeek/3.1.3_1/share/zeek/base/frameworks/broker/main.zeek", "label": "malicious"}
{"name": "      /usr/local/Cellar/zeek/3.1.3_1/share/zeek/base/bif/comm.bif.zeek", "label": "benign"}
{"name": "      /usr/local/Cellar/zeek/3.1.3_1/share/zeek/base/bif/messaging.bif.zeek", "label": "malicious"}
{"name": "    /usr/local/Cellar/zeek/3.1.3_1/share/zeek/base/frameworks/broker/store.zeek", "label": "benign"}
{"name": "      /usr/local/Cellar/zeek/3.1.3_1/share/zeek/base/bif/data.bif.zeek", "label": "malicious"}
{"name": "      /usr/local/Cellar/zeek/3.1.3_1/share/zeek/base/bif/store.bif.zeek", "label": "benign"}
{"name": "    /usr/local/Cellar/zeek/3.1.3_1/share/zeek/base/frameworks/broker/log.zeek", "label": "malicious"}
{"name": "  /usr/local/Cellar/zeek/3.1.3_1/share/zeek/base/frameworks/supervisor/__load__.zeek", "label": "benign"}
{"name": "    /usr/local/Cellar/zeek/3.1.3_1/share/zeek/base/frameworks/supervisor/control.zeek", "label": "malicious"}
{"name": "    /usr/local/Cellar/zeek/3.1.3_1/share/zeek/base/frameworks/supervisor/main.zeek", "label": "benign"}
{"name": "  /usr/local/Cellar/zeek/3.1.3_1/share/zeek/base/frameworks/input/__load__.zeek", "label": "malicious"}
{"name": "    /usr/local/Cellar/zeek/3.1.3_1/share/zeek/base/frameworks/input/main.zeek", "label": "benign"}
{"name": "      /usr/local/Cellar/zeek/3.1.3_1/share/zeek/base/bif/input.bif.zeek", "label": "malicious"}
{"name": "    /usr/local/Cellar/zeek/3.1.3_1/share/zeek/base/frameworks/input/readers/ascii.zeek", "label": "benign"}
{"name": "    /usr/local/Cellar/zeek/3.1.3_1/share/zeek/base/frameworks/input/readers/raw.zeek", "label": "malicious"}
{"name": "    /usr/local/Cellar/zeek/3.1.3_1/share/zeek/base/frameworks/input/readers/benchmark.zeek", "label": "benign"}
{"name": "    /usr/local/Cellar/zeek/3.1.3_1/share/zeek/base/frameworks/input/readers/binary.zeek", "label": "malicious"}
{"name": "    /usr/local/Cellar/zeek/3.1.3_1/share/zeek/base/frameworks/input/readers/config.zeek", "label": "benign"}
{"name": "    /usr/local/Cellar/zeek/3.1.3_1/share/zeek/base/frameworks/input/readers/sqlite.zeek", "label": "malicious"}
{"name": "  /usr/local/Cellar/zeek/3.1.3_1/share/zeek/base/frameworks/analyzer/__load__.zeek", "label": "benign"}
{"name": "    /usr/local/Cellar/zeek/3.1.3_1/share/zeek/base/frameworks/analyzer/main.zeek", "label": "malicious"}
{"name": "      /usr/local/Cellar/zeek/3.1.3_1/share/zeek/base/frameworks/packet-filter/utils.zeek", "label": "benign"}
{"name": "      /usr/local/Cellar/zeek/3.1.3_1/share/zeek/base/bif/analyzer.bif.zeek", "label": "malicious"}
{"name": "  /usr/local/Cellar/zeek/3.1.3_1/share/zeek/base/frameworks/files/__load__.zeek", "label": "benign"}
{"name": "    /usr/local/Cellar/zeek/3.1.3_1/share/zeek/base/frameworks/files/main.zeek", "label": "malicious"}
{"name": "      /usr/local/Cellar/zeek/3.1.3_1/share/zeek/base/bif/file_analysis.bif.zeek", "label": "benign"}
{"name": "      /usr/local/Cellar/zeek/3.1.3_1/share/zeek/base/utils/site.zeek", "label": "malicious"}
{"name": "        /usr/local/Cellar/zeek/3.1.3_1/share/zeek/base/utils/patterns.zeek", "label": "benign"}
{"name": "    /usr/local/Cellar/zeek/3.1.3_1/share/zeek/base/frameworks/files/magic/__load__.zeek", "label": "malicious"}
{"name": "  /usr/local/Cellar/zeek/3.1.3_1/share/zeek/base/bif/__load__.zeek", "label": "benign"}
{"name": "    /usr/local/Cellar/zeek/3.1.3_1/share/zeek/base/bif/zeekygen.bif.zeek", "label": "malicious"}
{"name": "    /usr/local/Cellar/zeek/3.1.3_1/share/zeek/base/bif/pcap.bif.zeek", "label": "benign"}
{"name": "    /usr/local/Cellar/zeek/3.1.3_1/share/zeek/base/bif/bloom-filter.bif.zeek", "label": "malicious"}
{"name": "    /usr/local/Cellar/zeek/3.1.3_1/share/zeek/base/bif/cardinality-counter.bif.zeek", "label": "benign"}
{"name": "    /usr/local/Cellar/zeek/3.1.3_1/share/zeek/base/bif/top-k.bif.zeek", "label": "malicious"}
{"name": "  /usr/local/Cellar/zeek/3.1.3_1/share/zeek/base/bif/plugins/__load__.zeek", "label": "benign"}
{"name": "    /usr/local/Cellar/zeek/3.1.3_1/share/zeek/base/bif/plugins/Zeek_ARP.events.bif.zeek", "label": "malicious"}
{"name": "    /usr/local/Cellar/zeek/3.1.3_1/share/zeek/base/bif/plugins/Zeek_BitTorrent.events.bif.zeek", "label": "benign"}
{"name": "    /usr/local/Cellar/zeek/3.1.3_1/share/zeek/base/bif/plugins/Zeek_ConnSize.events.bif.zeek", "label": "malicious"}
{"name": "    /usr/local/Cellar/zeek/3.1.3_1/share/zeek/base/bif/plugins/Zeek_ConnSize.functions.bif.zeek", "label": "benign"}
{"name": "    /usr/local/Cellar/zeek/3.1.3_1/share/zeek/base/bif/plugins/Zeek_DCE_RPC.consts.bif.zeek", "label": "malicious"}
{"name": "    /usr/local/Cellar/zeek/3.1.3_1/share/zeek/base/bif/plugins/Zeek_DCE_RPC.types.bif.zeek", "label": "benign"}
{"name": "    /usr/local/Cellar/zeek/3.1.3_1/share/zeek/base/bif/plugins/Zeek_DCE_RPC.events.bif.zeek", "label": "malicious"}
{"name": "    /usr/local/Cellar/zeek/3.1.3_1/share/zeek/base/bif/plugins/Zeek_DHCP.events.bif.zeek", "label": "benign"}
{"name": "    /usr/local/Cellar/zeek/3.1.3_1/share/zeek/base/bif/plugins/Zeek_DHCP.types.bif.zeek", "label": "malicious"}
{"name": "    /usr/local/Cellar/zeek/3.1.3_1/share/zeek/base/bif/plugins/Zeek_DNP3.events.bif.zeek", "label": "benign"}
{"name": "    /usr/local/Cellar/zeek/3.1.3_1/share/zeek/base/bif/plugins/Zeek_DNS.events.bif.zeek", "label": "malicious"}
{"name": "    /usr/local/Cellar/zeek/3.1.3_1/share/zeek/base/bif/plugins/Zeek_File.events.bif.zeek", "label": "benign"}
{"name": "    /usr/local/Cellar/zeek/3.1.3_1/share/zeek/base/bif/plugins/Zeek_Finger.events.bif.zeek", "label": "malicious"}
{"name": "    /usr/local/Cellar/zeek/3.1.3_1/share/zeek/base/bif/plugins/Zeek_FTP.events.bif.zeek", "label": "benign"}
{"name": "    /usr/local/Cellar/zeek/3.1.3_1/share/zeek/base/bif/plugins/Zeek_FTP.functions.bif.zeek", "label": "malicious"}
{"name": "    /usr/local/Cellar/zeek/3.1.3_1/share/zeek/base/bif/plugins/Zeek_Gnutella.events.bif.zeek", "label": "benign"}
{"name": "    /usr/local/Cellar/zeek/3.1.3_1/share/zeek/base/bif/plugins/Zeek_GSSAPI.events.bif.zeek", "label": "malicious"}
{"name": "    /usr/local/Cellar/zeek/3.1.3_1/share/zeek/base/bif/plugins/Zeek_GTPv1.events.bif.zeek", "label": "benign"}
{"name": "    /usr/local/Cellar/zeek/3.1.3_1/share/zeek/base/bif/plugins/Zeek_HTTP.events.bif.zeek", "label": "malicious"}
{"name": "    /usr/local/Cellar/zeek/3.1.3_1/share/zeek/base/bif/plugins/Zeek_HTTP.functions.bif.zeek", "label": "benign"}
{"name": "    /usr/local/Cellar/zeek/3.1.3_1/share/zeek/base/bif/plugins/Zeek_ICMP.events.bif.zeek", "label": "malicious"}
{"name": "    /usr/local/Cellar/zeek/3.1.3_1/share/zeek/base/bif/plugins/Zeek_Ident.events.bif.zeek", "label": "benign"}
{"name": "    /usr/local/Cellar/zeek/3.1.3_1/share/zeek/base/bif/plugins/Zeek_IMAP.events.bif.zeek", "label": "malicious"}
{"name": "    /usr/local/Cellar/zeek/3.1.3_1/share/zeek/base/bif/plugins/Zeek_IRC.events.bif.zeek", "label": "benign"}
{"name": "    /usr/local/Cellar/zeek/3.1.3_1/share/zeek/base/bif/plugins/Zeek_KRB.events.bif.zeek", "label": "malicious"}
{"name": "    /usr/local/Cellar/zeek/3.1.3_1/share/zeek/base/bif/plugins/Zeek_Login.events.bif.zeek", "label": "benign"}
{"name": "    /usr/local/Cellar/zeek/3.1.3_1/share/zeek/base/bif/plugins/Zeek_Login.functions.bif.zeek", "label": "malicious"}
{"name": "    /usr/local/Cellar/zeek/3.1.3_1/share/zeek/base/bif/plugins/Zeek_MIME.events.bif.zeek", "label": "benign"}
{"name": "    /usr/local/Cellar/zeek/3.1.3_1/share/zeek/base/bif/plugins/Zeek_Modbus.events.bif.zeek", "label": "malicious"}
{"name": "    /usr/local/Cellar/zeek/3.1.3_1/share/zeek/base/bif/plugins/Zeek_MQTT.types.bif.zeek", "label": "benign"}
{"name": "    /usr/local/Cellar/zeek/3.1.3_1/share/zeek/base/bif/plugins/Zeek_MQTT.events.bif.zeek", "label": "malicious"}
{"name": "    /usr/local/Cellar/zeek/3.1.3_1/share/zeek/base/bif/plugins/Zeek_MySQL.events.bif.zeek", "label": "benign"}
{"name": "    /usr/local/Cellar/zeek/3.1.3_1/share/zeek/base/bif/plugins/Zeek_NCP.events.bif.zeek", "label": "malicious"}
{"name": "    /usr/local/Cellar/zeek/3.1.3_1/share/zeek/base/bif/plugins/Zeek_NCP.consts.bif.zeek", "label": "benign"}
{"name": "    /usr/local/Cellar/zeek/3.1.3_1/share/zeek/base/bif/plugins/Zeek_NetBIOS.events.bif.zeek", "label": "malicious"}
{"name": "    /usr/local/Cellar/zeek/3.1.3_1/share/zeek/base/bif/plugins/Zeek_NetBIOS.functions.bif.zeek", "label": "benign"}
{"name": "    /usr/local/Cellar/zeek/3.1.3_1/share/zeek/base/bif/plugins/Zeek_NTLM.types.bif.zeek", "label": "malicious"}
{"name": "    /usr/local/Cellar/zeek/3.1.3_1/share/zeek/base/bif/plugins/Zeek_NTLM.events.bif.zeek", "label": "benign"}
{"name": "    /usr/local/Cellar/zeek/3.1.3_1/share/zeek/base/bif/plugins/Zeek_NTP.types.bif.zeek", "label": "malicious"}
{"name": "    /usr/local/Cellar/zeek/3.1.3_1/share/zeek/base/bif/plugins/Zeek_NTP.events.bif.zeek", "label": "benign"}
{"name": "    /usr/local/Cellar/zeek/3.1.3_1/share/zeek/base/bif/plugins/Zeek_POP3.events.bif.zeek", "label": "malicious"}
{"name": "    /usr/local/Cellar/zeek/3.1.3_1/share/zeek/base/bif/plugins/Zeek_RADIUS.events.bif.zeek", "label": "benign"}
{"name": "    /usr/local/Cellar/zeek/3.1.3_1/share/zeek/base/bif/plugins/Zeek_RDP.events.bif.zeek", "label": "malicious"}
{"name": "    /usr/local/Cellar/zeek/3.1.3_1/share/zeek/base/bif/plugins/Zeek_RDP.types.bif.zeek", "label": "benign"}
{"name": "    /usr/local/Cellar/zeek/3.1.3_1/share/zeek/base/bif/plugins/Zeek_RFB.events.bif.zeek", "label": "malicious"}
{"name": "    /usr/local/Cellar/zeek/3.1.3_1/share/zeek/base/bif/plugins/Zeek_RPC.events.bif.zeek", "label": "benign"}
{"name": "    /usr/local/Cellar/zeek/3.1.3_1/share/zeek/base/bif/plugins/Zeek_SIP.events.bif.zeek", "label": "malicious"}
{"name": "    /usr/local/Cellar/zeek/3.1.3_1/share/zeek/base/bif/plugins/Zeek_SMB.smb1_com_check_directory.bif.zeek", "label": "benign"}
{"name": "    /usr/local/Cellar/zeek/3.1.3_1/share/zeek/base/bif/plugins/Zeek_SMB.smb1_com_close.bif.zeek", "label": "malicious"}
{"name": "    /usr/local/Cellar/zeek/3.1.3_1/share/zeek/base/bif/plugins/Zeek_SMB.smb1_com_create_directory.bif.zeek", "label": "benign"}
{"name": "    /usr/local/Cellar/zeek/3.1.3_1/share/zeek/base/bif/plugins/Zeek_SMB.smb1_com_echo.bif.zeek", "label": "malicious"}
{"name": "    /usr/local/Cellar/zeek/3.1.3_1/share/zeek/base/bif/plugins/Zeek_SMB.smb1_com_logoff_andx.bif.zeek", "label": "benign"}
{"name": "    /usr/local/Cellar/zeek/3.1.3_1/share/zeek/base/bif/plugins/Zeek_SMB.smb1_com_negotiate.bif.zeek", "label": "malicious"}
{"name": "    /usr/local/Cellar/zeek/3.1.3_1/share/zeek/base/bif/plugins/Zeek_SMB.smb1_com_nt_create_andx.bif.zeek", "label": "benign"}
{"name": "    /usr/local/Cellar/zeek/3.1.3_1/share/zeek/base/bif/plugins/Zeek_SMB.smb1_com_nt_cancel.bif.zeek", "label": "malicious"}
{"name": "    /usr/local/Cellar/zeek/3.1.3_1/share/zeek/base/bif/plugins/Zeek_SMB.smb1_com_query_information.bif.zeek", "label": "benign"}
{"name": "    /usr/local/Cellar/zeek/3.1.3_1/share/zeek/base/bif/plugins/Zeek_SMB.smb1_com_read_andx.bif.zeek", "label": "malicious"}
{"name": "    /usr/local/Cellar/zeek/3.1.3_1/share/zeek/base/bif/plugins/Zeek_SMB.smb1_com_session_setup_andx.bif.zeek", "label": "benign"}
{"name": "    /usr/local/Cellar/zeek/3.1.3_1/share/zeek/base/bif/plugins/Zeek_SMB.smb1_com_transaction.bif.zeek", "label": "malicious"}
{"name": "    /usr/local/Cellar/zeek/3.1.3_1/share/zeek/base/bif/plugins/Zeek_SMB.smb1_com_transaction_secondary.bif.zeek", "label": "benign"}
{"name": "    /usr/local/Cellar/zeek/3.1.3_1/share/zeek/base/bif/plugins/Zeek_SMB.smb1_com_transaction2.bif.zeek", "label": "malicious"}
{"name": "    /usr/local/Cellar/zeek/3.1.3_1/share/zeek/base/bif/plugins/Zeek_SMB.smb1_com_transaction2_secondary.bif.zeek", "label": "benign"}
{"name": "    /usr/local/Cellar/zeek/3.1.3_1/share/zeek/base/bif/plugins/Zeek_SMB.smb1_com_tree_connect_andx.bif.zeek", "label": "malicious"}
{"name": "    /usr/local/Cellar/zeek/3.1.3_1/share/zeek/base/bif/plugins/Zeek_SMB.smb1_com_tree_disconnect.bif.zeek", "label": "benign"}
{"name": "    /usr/local/Cellar/zeek/3.1.3_1/share/zeek/base/bif/plugins/Zeek_SMB.smb1_com_write_andx.bif.zeek", "label": "malicious"}
{"name": "    /usr/local/Cellar/zeek/3.1.3_1/share/zeek/base/bif/plugins/Zeek_SMB.smb1_events.bif.zeek", "label": "benign"}
{"name": "    /usr/local/Cellar/zeek/3.1.3_1/share/zeek/base/bif/plugins/Zeek_SMB.smb2_com_close.bif.zeek", "label": "malicious"}
{"name": "    /usr/local/Cellar/zeek/3.1.3_1/share/zeek/base/bif/plugins/Zeek_SMB.smb2_com_create.bif.zeek", "label": "benign"}
{"name": "    /usr/local/Cellar/zeek/3.1.3_1/share/zeek/base/bif/plugins/Zeek_SMB.smb2_com_negotiate.bif.zeek", "label": "malicious"}
{"name": "    /usr/local/Cellar/zeek/3.1.3_1/share/zeek/base/bif/plugins/Zeek_SMB.smb2_com_read.bif.zeek", "label": "benign"}
{"name": "    /usr/local/Cellar/zeek/3.1.3_1/share/zeek/base/bif/plugins/Zeek_SMB.smb2_com_session_setup.bif.zeek", "label": "malicious"}
{"name": "    /usr/local/Cellar/zeek/3.1.3_1/share/zeek/base/bif/plugins/Zeek_SMB.smb2_com_set_info.bif.zeek", "label": "benign"}
{"name": "    /usr/local/Cellar/zeek/3.1.3_1/share/zeek/base/bif/plugins/Zeek_SMB.smb2_com_tree_connect.bif.zeek", "label": "malicious"}
{"name": "    /usr/local/Cellar/zeek/3.1.3_1/share/zeek/base/bif/plugins/Zeek_SMB.smb2_com_tree_disconnect.bif.zeek", "label": "benign"}
{"name": "    /usr/local/Cellar/zeek/3.1.3_1/share/zeek/base/bif/plugins/Zeek_SMB.smb2_com_write.bif.zeek", "label": "malicious"}
{"name": "    /usr/local/Cellar/zeek/3.1.3_1/share/zeek/base/bif/plugins/Zeek_SMB.smb2_com_transform_header.bif.zeek", "label": "benign"}
{"name": "    /usr/local/Cellar/zeek/3.1.3_1/share/zeek/base/bif/plugins/Zeek_SMB.smb2_events.bif.zeek", "label": "malicious"}
{"name": "    /usr/local/Cellar/zeek/3.1.3_1/share/zeek/base/bif/plugins/Zeek_SMB.events.bif.zeek", "label": "benign"}
{"name": "    /usr/local/Cellar/zeek/3.1.3_1/share/zeek/base/bif/plugins/Zeek_SMB.consts.bif.zeek", "label": "malicious"}
{"name": "    /usr/local/Cellar/zeek/3.1.3_1/share/zeek/base/bif/plugins/Zeek_SMB.types.bif.zeek", "label": "benign"}
{"name": "    /usr/local/Cellar/zeek/3.1.3_1/share/zeek/base/bif/plugins/Zeek_SMTP.events.bif.zeek", "label": "malicious"}
{"name": "    /usr/local/Cellar/zeek/3.1.3_1/share/zeek/base/bif/plugins/Zeek_SMTP.functions.bif.zeek", "label": "benign"}
{"name": "    /usr/local/Cellar/zeek/3.1.3_1/share/zeek/base/bif/plugins/Zeek_SNMP.events.bif.zeek", "label": "malicious"}
{"name": "    /usr/local/Cellar/zeek/3.1.3_1/share/zeek/base/bif/plugins/Zeek_SOCKS.events.bif.zeek", "label": "benign"}
{"name": "    /usr/local/Cellar/zeek/3.1.3_1/share/zeek/base/bif/plugins/Zeek_SSH.types.bif.zeek", "label": "malicious"}
{"name": "    /usr/local/Cellar/zeek/3.1.3_1/share/zeek/base/bif/plugins/Zeek_SSH.events.bif.zeek", "label": "benign"}
{"name": "    /usr/local/Cellar/zeek/3.1.3_1/share/zeek/base/bif/plugins/Zeek_SSL.types.bif.zeek", "label": "malicious"}
{"name": "    /usr/local/Cellar/zeek/3.1.3_1/share/zeek/base/bif/plugins/Zeek_SSL.events.bif.zeek", "label": "benign"}
{"name": "    /usr/local/Cellar/zeek/3.1.3_1/share/zeek/base/bif/plugins/Zeek_SSL.functions.bif.zeek", "label": "malicious"}
{"name": "    /usr/local/Cellar/zeek/3.1.3_1/share/zeek/base/bif/plugins/Zeek_SSL.consts.bif.zeek", "label": "benign"}
{"name": "    /usr/local/Cellar/zeek/3.1.3_1/share/zeek/base/bif/plugins/Zeek_SteppingStone.events.bif.zeek", "label": "malicious"}
{"name": "    /usr/local/Cellar/zeek/3.1.3_1/share/zeek/base/bif/plugins/Zeek_Syslog.events.bif.zeek", "label": "benign"}
{"name": "    /usr/local/Cellar/zeek/3.1.3_1/share/zeek/base/bif/plugins/Zeek_TCP.events.bif.zeek", "label": "malicious"}
{"name": "    /usr/local/Cellar/zeek/3.1.3_1/share/zeek/base/bif/plugins/Zeek_TCP.types.bif.zeek", "label": "benign"}
{"name": "    /usr/local/Cellar/zeek/3.1.3_1/share/zeek/base/bif/plugins/Zeek_TCP.functions.bif.zeek", "label": "malicious"}
{"name": "    /usr/local/Cellar/zeek/3.1.3_1/share/zeek/base/bif/plugins/Zeek_Teredo.events.bif.zeek", "label": "benign"}
{"name": "    /usr/local/Cellar/zeek/3.1.3_1/share/zeek/base/bif/plugins/Zeek_UDP.events.bif.zeek", "label": "malicious"}
{"name": "    /usr/local/Cellar/zeek/3.1.3_1/share/zeek/base/bif/plugins/Zeek_VXLAN.events.bif.zeek", "label": "benign"}
{"name": "    /usr/local/Cellar/zeek/3.1.3_1/share/zeek/base/bif/plugins/Zeek_XMPP.events.bif.zeek", "label": "malicious"}
{"name": "    /usr/local/Cellar/zeek/3.1.3_1/share/zeek/base/bif/plugins/Zeek_FileEntropy.events.bif.zeek", "label": "benign"}
{"name": "    /usr/local/Cellar/zeek/3.1.3_1/share/zeek/base/bif/plugins/Zeek_FileExtract.events.bif.zeek", "label": "malicious"}
{"name": "    /usr/local/Cellar/zeek/3.1.3_1/share/zeek/base/bif/plugins/Zeek_FileExtract.functions.bif.zeek", "label": "benign"}
{"name": "    /usr/local/Cellar/zeek/3.1.3_1/share/zeek/base/bif/plugins/Zeek_FileHash.events.bif.zeek", "label": "malicious"}
{"name": "    /usr/local/Cellar/zeek/3.1.3_1/share/zeek/base/bif/plugins/Zeek_PE.events.bif.zeek", "label": "benign"}
{"name": "    /usr/local/Cellar/zeek/3.1.3_1/share/zeek/base/bif/plugins/Zeek_Unified2.events.bif.zeek", "label": "malicious"}
{"name": "    /usr/local/Cellar/zeek/3.1.3_1/share/zeek/base/bif/plugins/Zeek_Unified2.types.bif.zeek", "label": "benign"}
{"name": "    /usr/local/Cellar/zeek/3.1.3_1/share/zeek/base/bif/plugins/Zeek_X509.events.bif.zeek", "label": "malicious"}
{"name": "    /usr/local/Cellar/zeek/3.1.3_1/share/zeek/base/bif/plugins/Zeek_X509.types.bif.zeek", "label": "benign"}
{"name": "    /usr/local/Cellar/zeek/3.1.3_1/share/zeek/base/bif/plugins/Zeek_X509.functions.bif.zeek", "label": "malicious"}
{"name": "    /usr/local/Cellar/zeek/3.1.3_1/share/zeek/base/bif/plugins/Zeek_X509.ocsp_events.bif.zeek", "label": "benign"}
{"name": "    /usr/local/Cellar/zeek/3.1.3_1/share/zeek/base/bif/plugins/Zeek_AsciiReader.ascii.bif.zeek", "label": "malicious"}
{"name": "    /usr/local/Cellar/zeek/3.1.3_1/share/zeek/base/bif/plugins/Zeek_BenchmarkReader.benchmark.bif.zeek", "label": "benign"}
{"name": "    /usr/local/Cellar/zeek/3.1.3_1/share/zeek/base/bif/plugins/Zeek_BinaryReader.binary.bif.zeek", "label": "malicious"}
{"name": "    /usr/local/Cellar/zeek/3.1.3_1/share/zeek/base/bif/plugins/Zeek_ConfigReader.config.bif.zeek", "label": "benign"}
{"name": "    /usr/local/Cellar/zeek/3.1.3_1/share/zeek/base/bif/plugins/Zeek_RawReader.raw.bif.zeek", "label": "malicious"}
{"name": "    /usr/local/Cellar/zeek/3.1.3_1/share/zeek/base/bif/plugins/Zeek_SQLiteReader.sqlite.bif.zeek", "label": "benign"}
{"name": "    /usr/local/Cellar/zeek/3.1.3_1/share/zeek/base/bif/plugins/Zeek_AsciiWriter.ascii.bif.zeek", "label": "malicious"}
{"name": "    /usr/local/Cellar/zeek/3.1.3_1/share/zeek/base/bif/plugins/Zeek_NoneWriter.none.bif.zeek", "label": "benign"}
{"name": "    /usr/local/Cellar/zeek/3.1.3_1/share/zeek/base/bif/plugins/Zeek_SQLiteWriter.sqlite.bif.zeek", "label": "malicious"}
{"name": "/usr/local/Cellar/zeek/3.1.3_1/share/zeek/base/init-default.zeek", "label": "benign"}
{"name": "  /usr/local/Cellar/zeek/3.1.3_1/share/zeek/base/utils/active-http.zeek", "label": "malicious"}
{"name": "    /usr/local/Cellar/zeek/3.1.3_1/share/zeek/base/utils/exec.zeek", "label": "benign"}
{"name": "  /usr/local/Cellar/zeek/3.1.3_1/share/zeek/base/utils/addrs.zeek", "label": "malicious"}
{"name": "  /usr/local/Cellar/zeek/3.1.3_1/share/zeek/base/utils/conn-ids.zeek", "label": "benign"}
{"name": "  /usr/local/Cellar/zeek/3.1.3_1/share/zeek/base/utils/dir.zeek", "label": "malicious"}
{"name": "    /usr/local/Cellar/zeek/3.1.3_1/share/zeek/base/frameworks/reporter/__load__.zeek", "label": "benign"}
{"name": "      /usr/local/Cellar/zeek/3.1.3_1/share/zeek/base/frameworks/reporter/main.zeek", "label": "malicious"}
{"name": "    /usr/local/Cellar/zeek/3.1.3_1/share/zeek/base/utils/paths.zeek", "label": "benign"}
{"name": "  /usr/local/Cellar/zeek/3.1.3_1/share/zeek/base/utils/directions-and-hosts.zeek", "label": "malicious"}
{"name": "  /usr/local/Cellar/zeek/3.1.3_1/share/zeek/base/utils/email.zeek", "label": "benign"}
{"name": "  /usr/local/Cellar/zeek/3.1.3_1/share/zeek/base/utils/files.zeek", "label": "malicious"}
{"name": "  /usr/local/Cellar/zeek/3.1.3_1/share/zeek/base/utils/geoip-distance.zeek", "label": "benign"}
{"name": "  /usr/local/Cellar/zeek/3.1.3_1/share/zeek/base/utils/hash_hrw.zeek", "label": "malicious"}
{"name": "  /usr/local/Cellar/zeek/3.1.3_1/share/zeek/base/utils/numbers.zeek", "label": "benign"}
{"name": "  /usr/local/Cellar/zeek/3.1.3_1/share/zeek/base/utils/queue.zeek", "label": "malicious"}
{"name": "  /usr/local/Cellar/zeek/3.1.3_1/share/zeek/base/utils/strings.zeek", "label": "benign"}
{"name": "  /usr/local/Cellar/zeek/3.1.3_1/share/zeek/base/utils/thresholds.zeek", "label": "malicious"}
{"name": "  /usr/local/Cellar/zeek/3.1.3_1/share/zeek/base/utils/time.zeek", "label": "benign"}
{"name": "  /usr/local/Cellar/zeek/3.1.3_1/share/zeek/base/utils/urls.zeek", "label": "malicious"}
{"name": "  /usr/local/Cellar/zeek/3.1.3_1/share/zeek/base/frameworks/notice/__load__.zeek", "label": "benign"}
{"name": "    /usr/local/Cellar/zeek/3.1.3_1/share/zeek/base/frameworks/notice/main.zeek", "label": "malicious"}
{"name": "      /usr/local/Cellar/zeek/3.1.3_1/share/zeek/base/frameworks/cluster/__load__.zeek", "label": "benign"}
{"name": "        /usr/local/Cellar/zeek/3.1.3_1/share/zeek/base/frameworks/cluster/main.zeek", "label": "malicious"}
{"name": "          /usr/local/Cellar/zeek/3.1.3_1/share/zeek/base/frameworks/control/__load__.zeek", "label": "benign"}
{"name": "            /usr/local/Cellar/zeek/3.1.3_1/share/zeek/base/frameworks/control/main.zeek", "label": "malicious"}
{"name": "        /usr/local/Cellar/zeek/3.1.3_1/share/zeek/base/frameworks/cluster/pools.zeek", "label": "benign"}
{"name": "    /usr/local/Cellar/zeek/3.1.3_1/share/zeek/base/frameworks/notice/weird.zeek", "label": "malicious"}
{"name": "    /usr/local/Cellar/zeek/3.1.3_1/share/zeek/base/frameworks/notice/actions/email_admin.zeek", "label": "benign"}
{"name": "    /usr/local/Cellar/zeek/3.1.3_1/share/zeek/base/frameworks/notice/actions/page.zeek", "label": "malicious"}
{"name": "    /usr/local/Cellar/zeek/3.1.3_1/share/zeek/base/frameworks/notice/actions/add-geodata.zeek", "label": "benign"}
{"name": "    /usr/local/Cellar/zeek/3.1.3_1/share/zeek/base/frameworks/notice/actions/pp-alarms.zeek", "label": "malicious"}
{"name": "  /usr/local/Cellar/zeek/3.1.3_1/share/zeek/base/frameworks/dpd/__load__.zeek", "label": "benign"}
{"name": "    /usr/local/Cellar/zeek/3.1.3_1/share/zeek/base/frameworks/dpd/main.zeek", "label": "malicious"}
{"name": "  /usr/local/Cellar/zeek/3.1.3_1/share/zeek/base/frameworks/signatures/__load__.zeek", "label": "benign"}
{"name": "    /usr/local/Cellar/zeek/3.1.3_1/share/zeek/base/frameworks/signatures/main.zeek", "label": "malicious"}
{"name": "  /usr/local/Cellar/zeek/3.1.3_1/share/zeek/base/frameworks/packet-filter/__load__.zeek", "label": "benign"}
{"name": "    /usr/local/Cellar/zeek/3.1.3_1/share/zeek/base/frameworks/packet-filter/main.zeek", "label": "malicious"}
{"name": "    /usr/local/Cellar/zeek/3.1.3_1/share/zeek/base/frameworks/packet-filter/netstats.zeek", "label": "benign"}
{"name": "  /usr/local/Cellar/zeek/3.1.3_1/share/zeek/base/frameworks/software/__load__.zeek", "label": "malicious"}
{"name": "    /usr/local/Cellar/zeek/3.1.3_1/share/zeek/base/frameworks/software/main.zeek", "label": "benign"}
{"name": "  /usr/local/Cellar/zeek/3.1.3_1/share/zeek/base/frameworks/intel/__load__.zeek", "label": "malicious"}
{"name": "    /usr/local/Cellar/zeek/3.1.3_1/share/zeek/base/frameworks/intel/main.zeek", "label": "benign"}
{"name": "    /usr/local/Cellar/zeek/3.1.3_1/share/zeek/base/frameworks/intel/files.zeek", "label": "malicious"}
{"name": "    /usr/local/Cellar/zeek/3.1.3_1/share/zeek/base/frameworks/intel/input.zeek", "label": "benign"}
{"name": "  /usr/local/Cellar/zeek/3.1.3_1/share/zeek/base/frameworks/config/__load__.zeek", "label": "malicious"}
{"name": "    /usr/local/Cellar/zeek/3.1.3_1/share/zeek/base/frameworks/config/main.zeek", "label": "benign"}
{"name": "    /usr/local/Cellar/zeek/3.1.3_1/share/zeek/base/frameworks/config/input.zeek", "label": "malicious"}
{"name": "    /usr/local/Cellar/zeek/3.1.3_1/share/zeek/base/frameworks/config/weird.zeek", "label": "benign"}
{"name": "  /usr/local/Cellar/zeek/3.1.3_1/share/zeek/base/frameworks/sumstats/__load__.zeek", "label": "malicious"}
{"name": "    /usr/local/Cellar/zeek/3.1.3_1/share/zeek/base/frameworks/sumstats/main.zeek", "label": "benign"}
{"name": "    /usr/local/Cellar/zeek/3.1.3_1/share/zeek/base/frameworks/sumstats/plugins/__load__.zeek", "label": "malicious"}
{"name": "      /usr/local/Cellar/zeek/3.1.3_1/share/zeek/base/frameworks/sumstats/plugins/average.zeek", "label": "benign"}
{"name": "      /usr/local/Cellar/zeek/3.1.3_1/share/zeek/base/frameworks/sumstats/plugins/hll_unique.zeek", "label": "malicious"}
{"name": "      /usr/local/Cellar/zeek/3.1.3_1/share/zeek/base/frameworks/sumstats/plugins/last.zeek", "label": "benign"}
{"name": "      /usr/local/Cellar/zeek/3.1.3_1/share/zeek/base/frameworks/sumstats/plugins/max.zeek", "label": "malicious"}
{"name": "      /usr/local/Cellar/zeek/3.1.3_1/share/zeek/base/frameworks/sumstats/plugins/min.zeek", "label": "benign"}
{"name": "      /usr/local/Cellar/zeek/3.1.3_1/share/zeek/base/frameworks/sumstats/plugins/sample.zeek", "label": "malicious"}
{"name": "      /usr/local/Cellar/zeek/3.1.3_1/share/zeek/base/frameworks/sumstats/plugins/std-dev.zeek", "label": "benign"}
{"name": "        /usr/local/Cellar/zeek/3.1.3_1/share/zeek/base/frameworks/sumstats/plugins/variance.zeek", "label": "malicious"}
{"name": "      /usr/local/Cellar/zeek/3.1.3_1/share/zeek/base/frameworks/sumstats/plugins/sum.zeek", "label": "benign"}
{"name": "      /usr/local/Cellar/zeek/3.1.3_1/share/zeek/base/frameworks/sumstats/plugins/topk.zeek", "label": "malicious"}
{"name": "      /usr/local/Cellar/zeek/3.1.3_1/share/zeek/base/frameworks/sumstats/plugins/unique.zeek", "label": "benign"}
{"name": "    /usr/local/Cellar/zeek/3.1.3_1/share/zeek/base/frameworks/sumstats/non-cluster.zeek", "label": "malicious"}
{"name": "  /usr/local/Cellar/zeek/3.1.3_1/share/zeek/base/frameworks/tunnels/__load__.zeek", "label": "benign"}
{"name": "    /usr/local/Cellar/zeek/3.1.3_1/share/zeek/base/frameworks/tunnels/main.zeek", "label": "malicious"}
{"name": "  /usr/local/Cellar/zeek/3.1.3_1/share/zeek/base/frameworks/openflow/__load__.zeek", "label": "benign"}
{"name": "    /usr/local/Cellar/zeek/3.1.3_1/share/zeek/base/frameworks/openflow/consts.zeek", "label": "malicious"}
{"name": "    /usr/local/Cellar/zeek/3.1.3_1/share/zeek/base/frameworks/openflow/types.zeek", "label": "benign"}
{"name": "    /usr/local/Cellar/zeek/3.1.3_1/share/zeek/base/frameworks/openflow/main.zeek", "label": "malicious"}
{"name": "    /usr/local/Cellar/zeek/3.1.3_1/share/zeek/base/frameworks/openflow/plugins/__load__.zeek", "label": "benign"}
{"name": "      /usr/local/Cellar/zeek/3.1.3_1/share/zeek/base/frameworks/openflow/plugins/ryu.zeek", "label": "malicious"}
{"name": "      /usr/local/Cellar/zeek/3.1.3_1/share/zeek/base/frameworks/openflow/plugins/log.zeek", "label": "benign"}
{"name": "      /usr/local/Cellar/zeek/3.1.3_1/share/zeek/base/frameworks/openflow/plugins/broker.zeek", "label": "malicious"}
{"name": "    /usr/local/Cellar/zeek/3.1.3_1/share/zeek/base/frameworks/openflow/non-cluster.zeek", "label": "benign"}
{"name": "  /usr/local/Cellar/zeek/3.1.3_1/share/zeek/base/frameworks/netcontrol/__load__.zeek", "label": "malicious"}
{"name": "    /usr/local/Cellar/zeek/3.1.3_1/share/zeek/base/frameworks/netcontrol/types.zeek", "label": "benign"}
{"name": "    /usr/local/Cellar/zeek/3.1.3_1/share/zeek/base/frameworks/netcontrol/main.zeek", "label": "malicious"}
{"name": "      /usr/local/Cellar/zeek/3.1.3_1/share/zeek/base/frameworks/netcontrol/plugin.zeek", "label": "benign"}
{"name": "    /usr/local/Cellar/zeek/3.1.3_1/share/zeek/base/frameworks/netcontrol/plugins/__load__.zeek", "label": "malicious"}
{"name": "      /usr/local/Cellar/zeek/3.1.3_1/share/zeek/base/frameworks/netcontrol/plugins/debug.zeek", "label": "benign"}
{"name": "      /usr/local/Cellar/zeek/3.1.3_1/share/zeek/base/frameworks/netcontrol/plugins/openflow.zeek", "label": "malicious"}
{"name": "      /usr/local/Cellar/zeek/3.1.3_1/share/zeek/base/frameworks/netcontrol/plugins/packetfilter.zeek", "label": "benign"}
{"name": "      /usr/local/Cellar/zeek/3.1.3_1/share/zeek/base/frameworks/netcontrol/plugins/broker.zeek", "label": "malicious"}
{"name": "      /usr/local/Cellar/zeek/3.1.3_1/share/zeek/base/frameworks/netcontrol/plugins/acld.zeek", "label": "benign"}
{"name": "    /usr/local/Cellar/zeek/3.1.3_1/share/zeek/base/frameworks/netcontrol/drop.zeek", "label": "malicious"}
{"name": "    /usr/local/Cellar/zeek/3.1.3_1/share/zeek/base/frameworks/netcontrol/shunt.zeek", "label": "benign"}
{"name": "    /usr/local/Cellar/zeek/3.1.3_1/share/zeek/base/frameworks/netcontrol/non-cluster.zeek", "label": "malicious"}
{"name": "  /usr/local/Cellar/zeek/3.1.3_1/share/zeek/base/protocols/conn/__load__.zeek", "label": "benign"}
{"name": "    /usr/local/Cellar/zeek/3.1.3_1/share/zeek/base/protocols/conn/main.zeek", "label": "malicious"}
{"name": "    /usr/local/Cellar/zeek/3.1.3_1/share/zeek/base/protocols/conn/contents.zeek", "label": "benign"}
{"name": "    /usr/local/Cellar/zeek/3.1.3_1/share/zeek/base/protocols/conn/inactivity.zeek", "label": "malicious"}
{"name": "    /usr/local/Cellar/zeek/3.1.3_1/share/zeek/base/protocols/conn/polling.zeek", "label": "benign"}
{"name": "    /usr/local/Cellar/zeek/3.1.3_1/share/zeek/base/protocols/conn/thresholds.zeek", "label": "malicious"}
{"name": "  /usr/local/Cellar/zeek/3.1.3_1/share/zeek/base/protocols/dce-rpc/__load__.zeek", "label": "benign"}
{"name": "    /usr/local/Cellar/zeek/3.1.3_1/share/zeek/base/protocols/dce-rpc/consts.zeek", "label": "malicious"}
{"name": "    /usr/local/Cellar/zeek/3.1.3_1/share/zeek/base/protocols/dce-rpc/main.zeek", "label": "benign"}
{"name": "  /usr/local/Cellar/zeek/3.1.3_1/share/zeek/base/protocols/dhcp/__load__.zeek", "label": "malicious"}
{"name": "    /usr/local/Cellar/zeek/3.1.3_1/share/zeek/base/protocols/dhcp/consts.zeek", "label": "benign"}
{"name": "    /usr/local/Cellar/zeek/3.1.3_1/share/zeek/base/protocols/dhcp/main.zeek", "label": "malicious"}
{"name": "  /usr/local/Cellar/zeek/3.1.3_1/share/zeek/base/protocols/dnp3/__load__.zeek", "label": "benign"}
{"name": "    /usr/local/Cellar/zeek/3.1.3_1/share/zeek/base/protocols/dnp3/main.zeek", "label": "malicious"}
{"name": "      /usr/local/Cellar/zeek/3.1.3_1/share/zeek/base/protocols/dnp3/consts.zeek", "label": "benign"}
{"name": "  /usr/local/Cellar/zeek/3.1.3_1/share/zeek/base/protocols/dns/__load__.zeek", "label": "malicious"}
{"name": "    /usr/local/Cellar/zeek/3.1.3_1/share/zeek/base/protocols/dns/consts.zeek", "label": "benign"}
{"name": "    /usr/local/Cellar/zeek/3.1.3_1/share/zeek/base/protocols/dns/main.zeek", "label": "malicious"}
{"name": "  /usr/local/Cellar/zeek/3.1.3_1/share/zeek/base/protocols/ftp/__load__.zeek", "label": "benign"}
{"name": "    /usr/local/Cellar/zeek/3.1.3_1/share/zeek/base/protocols/ftp/utils-commands.zeek", "label": "malicious"}
{"name": "    /usr/local/Cellar/zeek/3.1.3_1/share/zeek/base/protocols/ftp/info.zeek", "label": "benign"}
{"name": "    /usr/local/Cellar/zeek/3.1.3_1/share/zeek/base/protocols/ftp/main.zeek", "label": "malicious"}
{"name": "      /usr/local/Cellar/zeek/3.1.3_1/share/zeek/base/protocols/ftp/utils.zeek", "label": "benign"}
{"name": "    /usr/local/Cellar/zeek/3.1.3_1/share/zeek/base/protocols/ftp/files.zeek", "label": "malicious"}
{"name": "    /usr/local/Cellar/zeek/3.1.3_1/share/zeek/base/protocols/ftp/gridftp.zeek", "label": "benign"}
{"name": "      /usr/local/Cellar/zeek/3.1.3_1/share/zeek/base/protocols/ssl/__load__.zeek", "label": "malicious"}
{"name": "        /usr/local/Cellar/zeek/3.1.3_1/share/zeek/base/protocols/ssl/consts.zeek", "label": "benign"}
{"name": "        /usr/local/Cellar/zeek/3.1.3_1/share/zeek/base/protocols/ssl/main.zeek", "label": "malicious"}
{"name": "        /usr/local/Cellar/zeek/3.1.3_1/share/zeek/base/protocols/ssl/mozilla-ca-list.zeek", "label": "benign"}
{"name": "        /usr/local/Cellar/zeek/3.1.3_1/share/zeek/base/protocols/ssl/ct-list.zeek", "label": "malicious"}
{"name": "        /usr/local/Cellar/zeek/3.1.3_1/share/zeek/base/protocols/ssl/files.zeek", "label": "benign"}
{"name": "          /usr/local/Cellar/zeek/3.1.3_1/share/zeek/base/files/x509/__load__.zeek", "label": "malicious"}
{"name": "            /usr/local/Cellar/zeek/3.1.3_1/share/zeek/base/files/x509/main.zeek", "label": "benign"}
{"name": "              /usr/local/Cellar/zeek/3.1.3_1/share/zeek/base/files/hash/__load__.zeek", "label": "malicious"}
{"name": "                /usr/local/Cellar/zeek/3.1.3_1/share/zeek/base/files/hash/main.zeek", "label": "benign"}
{"name": "  /usr/local/Cellar/zeek/3.1.3_1/share/zeek/base/protocols/http/__load__.zeek", "label": "malicious"}
{"name": "    /usr/local/Cellar/zeek/3.1.3_1/share/zeek/base/protocols/http/main.zeek", "label": "benign"}
{"name": "    /usr/local/Cellar/zeek/3.1.3_1/share/zeek/base/protocols/http/entities.zeek", "label": "malicious"}
{"name": "    /usr/local/Cellar/zeek/3.1.3_1/share/zeek/base/protocols/http/utils.zeek", "label": "benign"}
{"name": "    /usr/local/Cellar/zeek/3.1.3_1/share/zeek/base/protocols/http/files.zeek", "label": "malicious"}
{"name": "  /usr/local/Cellar/zeek/3.1.3_1/share/zeek/base/protocols/imap/__load__.zeek", "label": "benign"}
{"name": "    /usr/local/Cellar/zeek/3.1.3_1/share/zeek/base/protocols/imap/main.zeek", "label": "malicious"}
{"name": "  /usr/local/Cellar/zeek/3.1.3_1/share/zeek/base/protocols/irc/__load__.zeek", "label": "benign"}
{"name": "    /usr/local/Cellar/zeek/3.1.3_1/share/zeek/base/protocols/irc/main.zeek", "label": "malicious"}
{"name": "    /usr/local/Cellar/zeek/3.1.3_1/share/zeek/base/protocols/irc/dcc-send.zeek", "label": "benign"}
{"name": "    /usr/local/Cellar/zeek/3.1.3_1/share/zeek/base/protocols/irc/files.zeek", "label": "malicious"}
{"name": "  /usr/local/Cellar/zeek/3.1.3_1/share/zeek/base/protocols/krb/__load__.zeek", "label": "benign"}
{"name": "    /usr/local/Cellar/zeek/3.1.3_1/share/zeek/base/protocols/krb/main.zeek", "label": "malicious"}
{"name": "      /usr/local/Cellar/zeek/3.1.3_1/share/zeek/base/protocols/krb/consts.zeek", "label": "benign"}
{"name": "    /usr/local/Cellar/zeek/3.1.3_1/share/zeek/base/protocols/krb/files.zeek", "label": "malicious"}
{"name": "  /usr/local/Cellar/zeek/3.1.3_1/share/zeek/base/protocols/modbus/__load__.zeek", "label": "benign"}
{"name": "    /usr/local/Cellar/zeek/3.1.3_1/share/zeek/base/protocols/modbus/consts.zeek", "label": "malicious"}
{"name": "    /usr/local/Cellar/zeek/3.1.3_1/share/zeek/base/protocols/modbus/main.zeek", "label": "benign"}
{"name": "  /usr/local/Cellar/zeek/3.1.3_1/share/zeek/base/protocols/mqtt/__load__.zeek", "label": "malicious"}
{"name": "    /usr/local/Cellar/zeek/3.1.3_1/share/zeek/base/protocols/mqtt/consts.zeek", "label": "benign"}
{"name": "  /usr/local/Cellar/zeek/3.1.3_1/share/zeek/base/protocols/mysql/__load__.zeek", "label": "malicious"}
{"name": "    /usr/local/Cellar/zeek/3.1.3_1/share/zeek/base/protocols/mysql/main.zeek", "label": "benign"}
{"name": "      /usr/local/Cellar/zeek/3.1.3_1/share/zeek/base/protocols/mysql/consts.zeek", "label": "malicious"}
{"name": "  /usr/local/Cellar/zeek/3.1.3_1/share/zeek/base/protocols/ntlm/__load__.zeek", "label": "benign"}
{"name": "    /usr/local/Cellar/zeek/3.1.3_1/share/zeek/base/protocols/ntlm/main.zeek", "label": "malicious"}
{"name": "  /usr/local/Cellar/zeek/3.1.3_1/share/zeek/base/protocols/ntp/__load__.zeek", "label": "benign"}
{"name": "    /usr/local/Cellar/zeek/3.1.3_1/share/zeek/base/protocols/ntp/main.zeek", "label": "malicious"}
{"name": "    /usr/local/Cellar/zeek/3.1.3_1/share/zeek/base/protocols/ntp/consts.zeek", "label": "benign"}
{"name": "  /usr/local/Cellar/zeek/3.1.3_1/share/zeek/base/protocols/pop3/__load__.zeek", "label": "malicious"}
{"name": "  /usr/local/Cellar/zeek/3.1.3_1/share/zeek/base/protocols/radius/__load__.zeek", "label": "benign"}
{"name": "    /usr/local/Cellar/zeek/3.1.3_1/share/zeek/base/protocols/radius/main.zeek", "label": "malicious"}
{"name": "      /usr/local/Cellar/zeek/3.1.3_1/share/zeek/base/protocols/radius/consts.zeek", "label": "benign"}
{"name": "  /usr/local/Cellar/zeek/3.1.3_1/share/zeek/base/protocols/rdp/__load__.zeek", "label": "malicious"}
{"name": "    /usr/local/Cellar/zeek/3.1.3_1/share/zeek/base/protocols/rdp/consts.zeek", "label": "benign"}
{"name": "    /usr/local/Cellar/zeek/3.1.3_1/share/zeek/base/protocols/rdp/main.zeek", "label": "malicious"}
{"name": "  /usr/local/Cellar/zeek/3.1.3_1/share/zeek/base/protocols/rfb/__load__.zeek", "label": "benign"}
{"name": "    /usr/local/Cellar/zeek/3.1.3_1/share/zeek/base/protocols/rfb/main.zeek", "label": "malicious"}
{"name": "  /usr/local/Cellar/zeek/3.1.3_1/share/zeek/base/protocols/sip/__load__.zeek", "label": "benign"}
{"name": "    /usr/local/Cellar/zeek/3.1.3_1/share/zeek/base/protocols/sip/main.zeek", "label": "malicious"}
{"name": "  /usr/local/Cellar/zeek/3.1.3_1/share/zeek/base/protocols/snmp/__load__.zeek", "label": "benign"}
{"name": "    /usr/local/Cellar/zeek/3.1.3_1/share/zeek/base/protocols/snmp/main.zeek", "label": "malicious"}
{"name": "  /usr/local/Cellar/zeek/3.1.3_1/share/zeek/base/protocols/smb/__load__.zeek", "label": "benign"}
{"name": "    /usr/local/Cellar/zeek/3.1.3_1/share/zeek/base/protocols/smb/consts.zeek", "label": "malicious"}
{"name": "    /usr/local/Cellar/zeek/3.1.3_1/share/zeek/base/protocols/smb/const-dos-error.zeek", "label": "benign"}
{"name": "    /usr/local/Cellar/zeek/3.1.3_1/share/zeek/base/protocols/smb/const-nt-status.zeek", "label": "malicious"}
{"name": "    /usr/local/Cellar/zeek/3.1.3_1/share/zeek/base/protocols/smb/main.zeek", "label": "benign"}
{"name": "    /usr/local/Cellar/zeek/3.1.3_1/share/zeek/base/protocols/smb/smb1-main.zeek", "label": "malicious"}
{"name": "    /usr/local/Cellar/zeek/3.1.3_1/share/zeek/base/protocols/smb/smb2-main.zeek", "label": "benign"}
{"name": "    /usr/local/Cellar/zeek/3.1.3_1/share/zeek/base/protocols/smb/files.zeek", "label": "malicious"}
{"name": "  /usr/local/Cellar/zeek/3.1.3_1/share/zeek/base/protocols/smtp/__load__.zeek", "label": "benign"}
{"name": "    /usr/local/Cellar/zeek/3.1.3_1/share/zeek/base/protocols/smtp/main.zeek", "label": "malicious"}
{"name": "    /usr/local/Cellar/zeek/3.1.3_1/share/zeek/base/protocols/smtp/entities.zeek", "label": "benign"}
{"name": "    /usr/local/Cellar/zeek/3.1.3_1/share/zeek/base/protocols/smtp/files.zeek", "label": "malicious"}
{"name": "  /usr/local/Cellar/zeek/3.1.3_1/share/zeek/base/protocols/socks/__load__.zeek", "label": "benign"}
{"name": "    /usr/local/Cellar/zeek/3.1.3_1/share/zeek/base/protocols/socks/consts.zeek", "label": "malicious"}
{"name": "    /usr/local/Cellar/zeek/3.1.3_1/share/zeek/base/protocols/socks/main.zeek", "label": "benign"}
{"name": "  /usr/local/Cellar/zeek/3.1.3_1/share/zeek/base/protocols/ssh/__load__.zeek", "label": "malicious"}
{"name": "    /usr/local/Cellar/zeek/3.1.3_1/share/zeek/base/protocols/ssh/main.zeek", "label": "benign"}
{"name": "  /usr/local/Cellar/zeek/3.1.3_1/share/zeek/base/protocols/syslog/__load__.zeek", "label": "malicious"}
{"name": "    /usr/local/Cellar/zeek/3.1.3_1/share/zeek/base/protocols/syslog/consts.zeek", "label": "benign"}
{"name": "    /usr/local/Cellar/zeek/3.1.3_1/share/zeek/base/protocols/syslog/main.zeek", "label": "malicious"}
{"name": "  /usr/local/Cellar/zeek/3.1.3_1/share/zeek/base/protocols/tunnels/__load__.zeek", "label": "benign"}
{"name": "  /usr/local/Cellar/zeek/3.1.3_1/share/zeek/base/protocols/xmpp/__load__.zeek", "label": "malicious"}
{"name": "    /usr/local/Cellar/zeek/3.1.3_1/share/zeek/base/protocols/xmpp/main.zeek", "label": "benign"}
{"name": "  /usr/local/Cellar/zeek/3.1.3_1/share/zeek/base/files/pe/__load__.zeek", "label": "malicious"}
{"name": "    /usr/local/Cellar/zeek/3.1.3_1/share/zeek/base/files/pe/consts.zeek", "label": "benign"}
{"name": "    /usr/local/Cellar/zeek/3.1.3_1/share/zeek/base/files/pe/main.zeek", "label": "malicious"}
{"name": "  /usr/local/Cellar/zeek/3.1.3_1/share/zeek/base/files/extract/__load__.zeek", "label": "benign"}
{"name": "    /usr/local/Cellar/zeek/3.1.3_1/share/zeek/base/files/extract/main.zeek", "label": "malicious"}
{"name": "  /usr/local/Cellar/zeek/3.1.3_1/share/zeek/base/misc/find-checksum-offloading.zeek", "label": "benign"}
{"name": "  /usr/local/Cellar/zeek/3.1.3_1/share/zeek/base/misc/find-filtered-trace.zeek", "label": "malicious"}
{"name": "  /usr/local/Cellar/zeek/3.1.3_1/share/zeek/base/misc/version.zeek", "label": "benign"}
{"name": "/usr/local/Cellar/zeek/3.1.3_1/share/zeek/site/local.zeek", "label": "malicious"}
{"name": "  /usr/local/Cellar/zeek/3.1.3_1/share/zeek/policy/misc/loaded-scripts.zeek", "label": "benign"}
{"name": "  /usr/local/Cellar/zeek/3.1.3_1/share/zeek/policy/tuning/defaults/__load__.zeek", "label": "malicious"}
{"name": "    /usr/local/Cellar/zeek/3.1.3_1/share/zeek/policy/tuning/defaults/packet-fragments.zeek", "label": "benign"}
{"name": "    /usr/local/Cellar/zeek/3.1.3_1/share/zeek/policy/tuning/defaults/warnings.zeek", "label": "malicious"}
{"name": "    /usr/local/Cellar/zeek/3.1.3_1/share/zeek/policy/tuning/defaults/extracted_file_limits.zeek", "label": "benign"}
{"name": "  /usr/local/Cellar/zeek/3.1.3_1/share/zeek/policy/misc/capture-loss.zeek", "label": "malicious"}
{"name": "  /usr/local/Cellar/zeek/3.1.3_1/share/zeek/policy/misc/stats.zeek", "label": "benign"}
{"name": "  /usr/local/Cellar/zeek/3.1.3_1/share/zeek/policy/frameworks/software/vulnerable.zeek", "label": "malicious"}
{"name": "  /usr/local/Cellar/zeek/3.1.3_1/share/zeek/policy/frameworks/software/version-changes.zeek", "label": "benign"}
{"name": "  /usr/local/Cellar/zeek/3.1.3_1/share/zeek/policy/protocols/ftp/software.zeek", "label": "malicious"}
{"name": "  /usr/local/Cellar/zeek/3.1.3_1/share/zeek/policy/protocols/smtp/software.zeek", "label": "benign"}
{"name": "  /usr/local/Cellar/zeek/3.1.3_1/share/zeek/policy/protocols/ssh/software.zeek", "label": "malicious"}
{"name": "  /usr/local/Cellar/zeek/3.1.3_1/share/zeek/policy/protocols/http/software.zeek", "label": "benign"}
{"name": "  /usr/local/Cellar/zeek/3.1.3_1/share/zeek/policy/protocols/dns/detect-external-names.zeek", "label": "malicious"}
{"name": "  /usr/local/Cellar/zeek/3.1.3_1/share/zeek/policy/protocols/ftp/detect.zeek", "label": "benign"}
{"name": "  /usr/local/Cellar/zeek/3.1.3_1/share/zeek/policy/protocols/conn/known-hosts.zeek", "label": "malicious"}
{"name": "  /usr/local/Cellar/zeek/3.1.3_1/share/zeek/policy/protocols/conn/known-services.zeek", "label": "benign"}
{"name": "  /usr/local/Cellar/zeek/3.1.3_1/share/zeek/policy/protocols/ssl/known-certs.zeek", "label": "malicious"}
{"name": "  /usr/local/Cellar/zeek/3.1.3_1/share/zeek/policy/protocols/ssl/validate-certs.zeek", "label": "benign"}
{"name": "  /usr/local/Cellar/zeek/3.1.3_1/share/zeek/policy/protocols/ssl/log-hostcerts-only.zeek", "label": "malicious"}
{"name": "  /usr/local/Cellar/zeek/3.1.3_1/share/zeek/policy/protocols/ssh/geo-data.zeek", "label": "benign"}
{"name": "  /usr/local/Cellar/zeek/3.1.3_1/share/zeek/policy/protocols/ssh/detect-bruteforcing.zeek", "label": "malicious"}
{"name": "  /usr/local/Cellar/zeek/3.1.3_1/share/zeek/policy/protocols/ssh/interesting-hostnames.zeek", "label": "benign"}
{"name": "  /usr/local/Cellar/zeek/3.1.3_1/share/zeek/policy/protocols/http/detect-sqli.zeek", "label": "malicious"}
{"name": "  /usr/local/Cellar/zeek/3.1.3_1/share/zeek/policy/frameworks/files/hash-all-files.zeek", "label": "benign"}
{"name": "  /usr/local/Cellar/zeek/3.1.3_1/share/zeek/policy/frameworks/files/detect-MHR.zeek", "label": "malicious"}
{"name": "  /usr/local/Cellar/zeek/3.1.3_1/share/zeek/policy/frameworks/notice/extend-email/hostnames.zeek", "label": "benign"}
